-------------------------------------------------------------------------------->8
[2025-06-18T20:35:37.073834328Z][docker-desktop-user-distro] syncContextStores <HOME>/.docker/contexts <-> /mnt/c/Users/zburn/.docker/contexts
[2025-06-18T20:35:37.078179353Z][docker-desktop-user-distro] syncContextStores <HOME>/.docker/contexts <-> /mnt/c/Users/zburn/.docker/contexts os.Symlink <HOME>/.docker/contexts -> /mnt/c/Users/zburn/.docker/contexts
-------------------------------------------------------------------------------->8
[2025-06-18T20:35:37.318054633Z][docker-desktop-user-distro] linkPathToWindows windowsPath = /mnt/c/Users/zburn/.aws, linkPath = <HOME>/.aws
-------------------------------------------------------------------------------->8
[2025-06-18T20:35:37.582364629Z][docker-desktop-user-distro] linkPathToWindows windowsPath = /mnt/c/Users/zburn/.azure, linkPath = <HOME>/.azure
-------------------------------------------------------------------------------->8
[2025-06-18T20:35:37.791941073Z][docker-desktop-user-distro] linkPathToWindows windowsPath = /mnt/c/Users/zburn/.docker/features.json, linkPath = ~/.docker/features.json
-------------------------------------------------------------------------------->8
[2025-06-19T01:35:15.350104290Z][docker-desktop-user-distro] syncContextStores <HOME>/.docker/contexts <-> /mnt/c/Users/zburn/.docker/contexts
[2025-06-19T01:35:15.356409329Z][docker-desktop-user-distro] syncContextStores <HOME>/.docker/contexts <-> /mnt/c/Users/zburn/.docker/contexts: syncNoop
-------------------------------------------------------------------------------->8
[2025-06-19T01:35:15.572270761Z][docker-desktop-user-distro] linkPathToWindows windowsPath = /mnt/c/Users/zburn/.aws, linkPath = <HOME>/.aws
[2025-06-19T01:35:15.578004784Z][docker-desktop-user-distro] no need to symlink <HOME>/.aws to /mnt/c/Users/zburn/.aws: they are the same path already
-------------------------------------------------------------------------------->8
[2025-06-19T01:35:15.794065403Z][docker-desktop-user-distro] linkPathToWindows windowsPath = /mnt/c/Users/zburn/.azure, linkPath = <HOME>/.azure
[2025-06-19T01:35:15.797771218Z][docker-desktop-user-distro] no need to symlink <HOME>/.azure to /mnt/c/Users/zburn/.azure: they are the same path already
-------------------------------------------------------------------------------->8
[2025-06-19T01:35:16.053221280Z][docker-desktop-user-distro] linkPathToWindows windowsPath = /mnt/c/Users/zburn/.docker/features.json, linkPath = ~/.docker/features.json
-------------------------------------------------------------------------------->8
[2025-06-20T04:41:21.094013195Z][docker-desktop-user-distro] syncContextStores <HOME>/.docker/contexts <-> /mnt/c/Users/zburn/.docker/contexts
[2025-06-20T04:41:21.114967941Z][docker-desktop-user-distro] syncContextStores <HOME>/.docker/contexts <-> /mnt/c/Users/zburn/.docker/contexts: syncNoop
-------------------------------------------------------------------------------->8
[2025-06-20T04:41:21.783895462Z][docker-desktop-user-distro] linkPathToWindows windowsPath = /mnt/c/Users/zburn/.aws, linkPath = <HOME>/.aws
[2025-06-20T04:41:21.798441327Z][docker-desktop-user-distro] no need to symlink <HOME>/.aws to /mnt/c/Users/zburn/.aws: they are the same path already
-------------------------------------------------------------------------------->8
[2025-06-20T04:41:22.397892838Z][docker-desktop-user-distro] linkPathToWindows windowsPath = /mnt/c/Users/zburn/.azure, linkPath = <HOME>/.azure
[2025-06-20T04:41:22.407846731Z][docker-desktop-user-distro] no need to symlink <HOME>/.azure to /mnt/c/Users/zburn/.azure: they are the same path already
-------------------------------------------------------------------------------->8
[2025-06-20T04:41:22.996737073Z][docker-desktop-user-distro] linkPathToWindows windowsPath = /mnt/c/Users/zburn/.docker/features.json, linkPath = ~/.docker/features.json
-------------------------------------------------------------------------------->8
[2025-06-20T14:21:45.174102175Z][docker-desktop-user-distro] syncContextStores <HOME>/.docker/contexts <-> /mnt/c/Users/zburn/.docker/contexts
[2025-06-20T14:21:45.231478487Z][docker-desktop-user-distro] syncContextStores <HOME>/.docker/contexts <-> /mnt/c/Users/zburn/.docker/contexts: syncNoop
-------------------------------------------------------------------------------->8
[2025-06-20T14:21:46.132485885Z][docker-desktop-user-distro] linkPathToWindows windowsPath = /mnt/c/Users/zburn/.aws, linkPath = <HOME>/.aws
[2025-06-20T14:21:46.150559584Z][docker-desktop-user-distro] no need to symlink <HOME>/.aws to /mnt/c/Users/zburn/.aws: they are the same path already
-------------------------------------------------------------------------------->8
[2025-06-20T14:21:47.016383898Z][docker-desktop-user-distro] linkPathToWindows windowsPath = /mnt/c/Users/zburn/.azure, linkPath = <HOME>/.azure
[2025-06-20T14:21:47.028430168Z][docker-desktop-user-distro] no need to symlink <HOME>/.azure to /mnt/c/Users/zburn/.azure: they are the same path already
-------------------------------------------------------------------------------->8
[2025-06-20T14:21:47.705469741Z][docker-desktop-user-distro] linkPathToWindows windowsPath = /mnt/c/Users/zburn/.docker/features.json, linkPath = ~/.docker/features.json
-------------------------------------------------------------------------------->8
[2025-06-21T03:20:02.375812312Z][docker-desktop-user-distro] syncContextStores <HOME>/.docker/contexts <-> /mnt/c/Users/zburn/.docker/contexts
[2025-06-21T03:20:02.388882571Z][docker-desktop-user-distro] syncContextStores <HOME>/.docker/contexts <-> /mnt/c/Users/zburn/.docker/contexts: syncNoop
-------------------------------------------------------------------------------->8
[2025-06-21T03:20:03.190881855Z][docker-desktop-user-distro] linkPathToWindows windowsPath = /mnt/c/Users/zburn/.aws, linkPath = <HOME>/.aws
[2025-06-21T03:20:03.476606176Z][docker-desktop-user-distro] no need to symlink <HOME>/.aws to /mnt/c/Users/zburn/.aws: they are the same path already
-------------------------------------------------------------------------------->8
[2025-06-21T03:20:04.457089157Z][docker-desktop-user-distro] linkPathToWindows windowsPath = /mnt/c/Users/zburn/.azure, linkPath = <HOME>/.azure
[2025-06-21T03:20:04.512431578Z][docker-desktop-user-distro] no need to symlink <HOME>/.azure to /mnt/c/Users/zburn/.azure: they are the same path already
-------------------------------------------------------------------------------->8
[2025-06-21T03:20:05.599951856Z][docker-desktop-user-distro] linkPathToWindows windowsPath = /mnt/c/Users/zburn/.docker/features.json, linkPath = ~/.docker/features.json
-------------------------------------------------------------------------------->8
[2025-06-21T16:28:10.894981011Z][docker-desktop-user-distro] syncContextStores <HOME>/.docker/contexts <-> /mnt/c/Users/zburn/.docker/contexts
[2025-06-21T16:28:10.918481138Z][docker-desktop-user-distro] syncContextStores <HOME>/.docker/contexts <-> /mnt/c/Users/zburn/.docker/contexts: syncNoop
-------------------------------------------------------------------------------->8
[2025-06-21T16:28:11.905108279Z][docker-desktop-user-distro] linkPathToWindows windowsPath = /mnt/c/Users/zburn/.aws, linkPath = <HOME>/.aws
[2025-06-21T16:28:11.919024790Z][docker-desktop-user-distro] no need to symlink <HOME>/.aws to /mnt/c/Users/zburn/.aws: they are the same path already
-------------------------------------------------------------------------------->8
[2025-06-21T16:28:12.735626511Z][docker-desktop-user-distro] linkPathToWindows windowsPath = /mnt/c/Users/zburn/.azure, linkPath = <HOME>/.azure
[2025-06-21T16:28:12.755067075Z][docker-desktop-user-distro] no need to symlink <HOME>/.azure to /mnt/c/Users/zburn/.azure: they are the same path already
-------------------------------------------------------------------------------->8
[2025-06-21T16:28:13.461554752Z][docker-desktop-user-distro] linkPathToWindows windowsPath = /mnt/c/Users/zburn/.docker/features.json, linkPath = ~/.docker/features.json
-------------------------------------------------------------------------------->8
[2025-06-23T17:07:10.385506879Z][docker-desktop-user-distro] syncContextStores <HOME>/.docker/contexts <-> /mnt/c/Users/zburn/.docker/contexts
[2025-06-23T17:07:10.406117733Z][docker-desktop-user-distro] syncContextStores <HOME>/.docker/contexts <-> /mnt/c/Users/zburn/.docker/contexts: syncNoop
-------------------------------------------------------------------------------->8
[2025-06-23T17:07:11.219596731Z][docker-desktop-user-distro] linkPathToWindows windowsPath = /mnt/c/Users/zburn/.aws, linkPath = <HOME>/.aws
[2025-06-23T17:07:11.237518588Z][docker-desktop-user-distro] no need to symlink <HOME>/.aws to /mnt/c/Users/zburn/.aws: they are the same path already
-------------------------------------------------------------------------------->8
[2025-06-23T17:07:12.075697430Z][docker-desktop-user-distro] linkPathToWindows windowsPath = /mnt/c/Users/zburn/.azure, linkPath = <HOME>/.azure
[2025-06-23T17:07:12.092527415Z][docker-desktop-user-distro] no need to symlink <HOME>/.azure to /mnt/c/Users/zburn/.azure: they are the same path already
-------------------------------------------------------------------------------->8
[2025-06-23T17:07:12.913708161Z][docker-desktop-user-distro] linkPathToWindows windowsPath = /mnt/c/Users/zburn/.docker/features.json, linkPath = ~/.docker/features.json
-------------------------------------------------------------------------------->8
[2025-06-24T01:11:48.956574882Z][docker-desktop-user-distro] syncContextStores <HOME>/.docker/contexts <-> /mnt/c/Users/zburn/.docker/contexts
[2025-06-24T01:11:48.969167044Z][docker-desktop-user-distro] syncContextStores <HOME>/.docker/contexts <-> /mnt/c/Users/zburn/.docker/contexts: syncNoop
-------------------------------------------------------------------------------->8
[2025-06-24T01:11:49.418783474Z][docker-desktop-user-distro] linkPathToWindows windowsPath = /mnt/c/Users/zburn/.aws, linkPath = <HOME>/.aws
[2025-06-24T01:11:49.428147812Z][docker-desktop-user-distro] no need to symlink <HOME>/.aws to /mnt/c/Users/zburn/.aws: they are the same path already
-------------------------------------------------------------------------------->8
[2025-06-24T01:11:49.962449929Z][docker-desktop-user-distro] linkPathToWindows windowsPath = /mnt/c/Users/zburn/.azure, linkPath = <HOME>/.azure
[2025-06-24T01:11:49.971756959Z][docker-desktop-user-distro] no need to symlink <HOME>/.azure to /mnt/c/Users/zburn/.azure: they are the same path already
-------------------------------------------------------------------------------->8
[2025-06-24T01:11:50.541486021Z][docker-desktop-user-distro] linkPathToWindows windowsPath = /mnt/c/Users/zburn/.docker/features.json, linkPath = ~/.docker/features.json
